Traceback (most recent call last):
  File "C:\Users\ckeulen\anaconda3\Lib\site-packages\jupyter_cache\executors\utils.py", line 58, in single_nb_execution
    executenb(
  File "C:\Users\ckeulen\anaconda3\Lib\site-packages\nbclient\client.py", line 1305, in execute
    return NotebookClient(nb=nb, resources=resources, km=km, **kwargs).execute()
           ^^^^^^^^^^^^^^^^^^^^^^^^^^^^^^^^^^^^^^^^^^^^^^^^^^^^^^^^^^^^^^^^^^^^^
  File "C:\Users\ckeulen\anaconda3\Lib\site-packages\jupyter_core\utils\__init__.py", line 173, in wrapped
    return loop.run_until_complete(inner)
           ^^^^^^^^^^^^^^^^^^^^^^^^^^^^^^
  File "C:\Users\ckeulen\anaconda3\Lib\asyncio\base_events.py", line 653, in run_until_complete
    return future.result()
           ^^^^^^^^^^^^^^^
  File "C:\Users\ckeulen\anaconda3\Lib\site-packages\nbclient\client.py", line 705, in async_execute
    await self.async_execute_cell(
  File "C:\Users\ckeulen\anaconda3\Lib\site-packages\nbclient\client.py", line 1058, in async_execute_cell
    await self._check_raise_for_error(cell, cell_index, exec_reply)
  File "C:\Users\ckeulen\anaconda3\Lib\site-packages\nbclient\client.py", line 914, in _check_raise_for_error
    raise CellExecutionError.from_cell_and_msg(cell, exec_reply_content)
nbclient.exceptions.CellExecutionError: An error occurred while executing the following cell:
------------------
import CoolProp.CoolProp as CP
fluid = "air"  # define the fluid or material of interest

D_A = CP.PropsSI("D", "T", T, "P", P_A * 1000 , fluid)   #fluid density at compartment A in kg/m3
D_B = CP.PropsSI("D", "T", T, "P", P_B * 1000 , fluid)   #fluid density at compartment B in kg/m3

V_A = m_A / D_A   #fluid volume at compartment A in m3
V_B = m_B / D_B   #fluid volume at compartment A in m3

V = V_A + V_B              #total volume in m3
m = m_A + m_B              #total mass in kg
D = m / V                  #final density in kg/m3

P_clp = CP.PropsSI("P", "T", T, "D", D, fluid)   #fluid pressure after mixture in Pa
print('The final pressure of the mixture using CoolProp is:', f"{P_clp/1000:.1f}", 'kPa')
------------------


[1;31m---------------------------------------------------------------------------[0m
[1;31mModuleNotFoundError[0m                       Traceback (most recent call last)
Cell [1;32mIn[3], line 1[0m
[1;32m----> 1[0m [38;5;28;01mimport[39;00m [38;5;21;01mCoolProp[39;00m[38;5;21;01m.[39;00m[38;5;21;01mCoolProp[39;00m [38;5;28;01mas[39;00m [38;5;21;01mCP[39;00m
[0;32m      2[0m fluid [38;5;241m=[39m [38;5;124m"[39m[38;5;124mair[39m[38;5;124m"[39m  [38;5;66;03m# define the fluid or material of interest[39;00m
[0;32m      4[0m D_A [38;5;241m=[39m CP[38;5;241m.[39mPropsSI([38;5;124m"[39m[38;5;124mD[39m[38;5;124m"[39m, [38;5;124m"[39m[38;5;124mT[39m[38;5;124m"[39m, T, [38;5;124m"[39m[38;5;124mP[39m[38;5;124m"[39m, P_A [38;5;241m*[39m [38;5;241m1000[39m , fluid)   [38;5;66;03m#fluid density at compartment A in kg/m3[39;00m

[1;31mModuleNotFoundError[0m: No module named 'CoolProp'

