Traceback (most recent call last):
  File "C:\Users\ckeulen\anaconda3\Lib\site-packages\jupyter_cache\executors\utils.py", line 58, in single_nb_execution
    executenb(
  File "C:\Users\ckeulen\anaconda3\Lib\site-packages\nbclient\client.py", line 1305, in execute
    return NotebookClient(nb=nb, resources=resources, km=km, **kwargs).execute()
           ^^^^^^^^^^^^^^^^^^^^^^^^^^^^^^^^^^^^^^^^^^^^^^^^^^^^^^^^^^^^^^^^^^^^^
  File "C:\Users\ckeulen\anaconda3\Lib\site-packages\jupyter_core\utils\__init__.py", line 173, in wrapped
    return loop.run_until_complete(inner)
           ^^^^^^^^^^^^^^^^^^^^^^^^^^^^^^
  File "C:\Users\ckeulen\anaconda3\Lib\asyncio\base_events.py", line 653, in run_until_complete
    return future.result()
           ^^^^^^^^^^^^^^^
  File "C:\Users\ckeulen\anaconda3\Lib\site-packages\nbclient\client.py", line 705, in async_execute
    await self.async_execute_cell(
  File "C:\Users\ckeulen\anaconda3\Lib\site-packages\nbclient\client.py", line 1058, in async_execute_cell
    await self._check_raise_for_error(cell, cell_index, exec_reply)
  File "C:\Users\ckeulen\anaconda3\Lib\site-packages\nbclient\client.py", line 914, in _check_raise_for_error
    raise CellExecutionError.from_cell_and_msg(cell, exec_reply_content)
nbclient.exceptions.CellExecutionError: An error occurred while executing the following cell:
------------------
# import the libraries we'll need
import CoolProp.CoolProp as CP
import numpy as np

fluid = "water"  # define the fluid or material of interest
P = 101325   #atmospheric pressure in Pa
m = 1   #solving for unit mass of fluid flow-rate in kg/s
T_1 = 70 + 273.15   #water temperature at elevated storage in K
T_2 = 65 + 273.15   #water temperature at drain outlet in K
z_1 = 20   #storage elevation in m
z_2 = 0   #ground elevation as referrence
g = 9.81   #gravitational acceleration in m/s2

h_1 = CP.PropsSI("H", "T", T_1, "P", P, fluid)   #fluid enthalpy in J/kg
h_2 = CP.PropsSI("H", "T", T_2, "P", P, fluid)   #fluid enthalpy in J/kg


Q = m * (h_2 - h_1) + m * g * (z_2 - z_1)
print('The heat loss of fluid through piping system is:', f"{np.abs(Q):.1f}", 'W')   #taking absolute of Q to justify the negative value for dissipated heat
------------------


[1;31m---------------------------------------------------------------------------[0m
[1;31mModuleNotFoundError[0m                       Traceback (most recent call last)
Cell [1;32mIn[1], line 2[0m
[0;32m      1[0m [38;5;66;03m# import the libraries we'll need[39;00m
[1;32m----> 2[0m [38;5;28;01mimport[39;00m [38;5;21;01mCoolProp[39;00m[38;5;21;01m.[39;00m[38;5;21;01mCoolProp[39;00m [38;5;28;01mas[39;00m [38;5;21;01mCP[39;00m
[0;32m      3[0m [38;5;28;01mimport[39;00m [38;5;21;01mnumpy[39;00m [38;5;28;01mas[39;00m [38;5;21;01mnp[39;00m
[0;32m      5[0m fluid [38;5;241m=[39m [38;5;124m"[39m[38;5;124mwater[39m[38;5;124m"[39m  [38;5;66;03m# define the fluid or material of interest[39;00m

[1;31mModuleNotFoundError[0m: No module named 'CoolProp'

