Traceback (most recent call last):
  File "C:\Users\ckeulen\anaconda3\Lib\site-packages\jupyter_cache\executors\utils.py", line 58, in single_nb_execution
    executenb(
  File "C:\Users\ckeulen\anaconda3\Lib\site-packages\nbclient\client.py", line 1305, in execute
    return NotebookClient(nb=nb, resources=resources, km=km, **kwargs).execute()
           ^^^^^^^^^^^^^^^^^^^^^^^^^^^^^^^^^^^^^^^^^^^^^^^^^^^^^^^^^^^^^^^^^^^^^
  File "C:\Users\ckeulen\anaconda3\Lib\site-packages\jupyter_core\utils\__init__.py", line 173, in wrapped
    return loop.run_until_complete(inner)
           ^^^^^^^^^^^^^^^^^^^^^^^^^^^^^^
  File "C:\Users\ckeulen\anaconda3\Lib\asyncio\base_events.py", line 653, in run_until_complete
    return future.result()
           ^^^^^^^^^^^^^^^
  File "C:\Users\ckeulen\anaconda3\Lib\site-packages\nbclient\client.py", line 705, in async_execute
    await self.async_execute_cell(
  File "C:\Users\ckeulen\anaconda3\Lib\site-packages\nbclient\client.py", line 1058, in async_execute_cell
    await self._check_raise_for_error(cell, cell_index, exec_reply)
  File "C:\Users\ckeulen\anaconda3\Lib\site-packages\nbclient\client.py", line 914, in _check_raise_for_error
    raise CellExecutionError.from_cell_and_msg(cell, exec_reply_content)
nbclient.exceptions.CellExecutionError: An error occurred while executing the following cell:
------------------
import CoolProp.CoolProp as CP
import math

# Given values
V = 0.5  # Volume in m^3
T1 = 27 + 273.15  # Initial temperature in Kelvin
T2 = 127 + 273.15  # Final temperature in Kelvin
m = 0.6  # Mass of air in kg
n = 1.4  # Polytropic exponent
R = CP.PropsSI('GAS_CONSTANT', 'Air') / CP.PropsSI('MOLAR_MASS', 'Air')  # Specific gas constant for Air

# Initial pressure (P1) using ideal gas law
P1 = m * R * T1 / V

# 1. Change in specific internal energy (Δu)
Cv = CP.PropsSI('Cvmass', 'T', T1, 'P', P1, 'Air')
delta_u = Cv * (T2 - T1)

# Convert Δu to kJ and round to 1 decimal place
delta_u_kJ = round(delta_u / 1000, 1)

# 3. Specific boundary work (w_boundary)
P2 = m * R * T2 / V  # Final pressure
if n != 1:
    w_boundary = ((P2 * V - P1 * V) / (1 - n)) / m
else:
    w_boundary = P1 * V * math.log(V / V)  # or equivalent with pressures

# Convert w_boundary to kJ and round to 1 decimal place
w_boundary_kJ = round(w_boundary / 1000, 1)
# Convert q to kJ/kg (since delta_u and w_boundary are already in kJ/kg)
q_kJ_kg = delta_u_kJ + w_boundary_kJ

# Output the specific heat transfer (q)
print(f"Specific heat transfer (q): {q_kJ_kg} kJ/kg")

# Output the results
print(f"Change in specific internal energy (Δu): {delta_u_kJ} kJ")
print(f"Specific heat transfer (q): {q_kJ_kg} kJ/kg")
print(f"Specific boundary work (w_boundary): {w_boundary_kJ} kJ")
------------------


[1;31m---------------------------------------------------------------------------[0m
[1;31mModuleNotFoundError[0m                       Traceback (most recent call last)
Cell [1;32mIn[1], line 1[0m
[1;32m----> 1[0m [38;5;28;01mimport[39;00m [38;5;21;01mCoolProp[39;00m[38;5;21;01m.[39;00m[38;5;21;01mCoolProp[39;00m [38;5;28;01mas[39;00m [38;5;21;01mCP[39;00m
[0;32m      2[0m [38;5;28;01mimport[39;00m [38;5;21;01mmath[39;00m
[0;32m      4[0m [38;5;66;03m# Given values[39;00m

[1;31mModuleNotFoundError[0m: No module named 'CoolProp'

