Traceback (most recent call last):
  File "C:\Users\ckeulen\anaconda3\Lib\site-packages\jupyter_cache\executors\utils.py", line 58, in single_nb_execution
    executenb(
  File "C:\Users\ckeulen\anaconda3\Lib\site-packages\nbclient\client.py", line 1305, in execute
    return NotebookClient(nb=nb, resources=resources, km=km, **kwargs).execute()
           ^^^^^^^^^^^^^^^^^^^^^^^^^^^^^^^^^^^^^^^^^^^^^^^^^^^^^^^^^^^^^^^^^^^^^
  File "C:\Users\ckeulen\anaconda3\Lib\site-packages\jupyter_core\utils\__init__.py", line 173, in wrapped
    return loop.run_until_complete(inner)
           ^^^^^^^^^^^^^^^^^^^^^^^^^^^^^^
  File "C:\Users\ckeulen\anaconda3\Lib\asyncio\base_events.py", line 653, in run_until_complete
    return future.result()
           ^^^^^^^^^^^^^^^
  File "C:\Users\ckeulen\anaconda3\Lib\site-packages\nbclient\client.py", line 705, in async_execute
    await self.async_execute_cell(
  File "C:\Users\ckeulen\anaconda3\Lib\site-packages\nbclient\client.py", line 1058, in async_execute_cell
    await self._check_raise_for_error(cell, cell_index, exec_reply)
  File "C:\Users\ckeulen\anaconda3\Lib\site-packages\nbclient\client.py", line 914, in _check_raise_for_error
    raise CellExecutionError.from_cell_and_msg(cell, exec_reply_content)
nbclient.exceptions.CellExecutionError: An error occurred while executing the following cell:
------------------
import CoolProp.CoolProp as CP

# Define two states for R-134a
T1 = 280  # Temperature in K for state 1
P1 = 101325  # Pressure in Pa for state 1 (1 atm)
T2 = 300  # Temperature in K for state 2
P2 = 200000  # Pressure in Pa for state 2

# Set the IIR reference state
CP.set_reference_state('R134a', 'IIR')

# Calculate enthalpy and entropy for both states with the IIR reference
h1_iir = CP.PropsSI('H', 'T', T1, 'P', P1, 'R134a') 
s1_iir = CP.PropsSI('S', 'T', T1, 'P', P1, 'R134a') 
h2_iir = CP.PropsSI('H', 'T', T2, 'P', P2, 'R134a') 
s2_iir = CP.PropsSI('S', 'T', T2, 'P', P2, 'R134a') 

# Calculate differences with IIR reference
dh_iir = (h2_iir - h1_iir) / 1000
ds_iir = (s2_iir - s1_iir) / 1000

# Set the NBP reference state
CP.set_reference_state('R134a', 'NBP')

# Calculate enthalpy and entropy for both states with the NBP reference
h1_nbp = CP.PropsSI('H', 'T', T1, 'P', P1, 'R134a') 
s1_nbp = CP.PropsSI('S', 'T', T1, 'P', P1, 'R134a') 
h2_nbp = CP.PropsSI('H', 'T', T2, 'P', P2, 'R134a') 
s2_nbp = CP.PropsSI('S', 'T', T2, 'P', P2, 'R134a') 

# Calculate differences with NBP reference
dh_nbp = (h2_nbp - h1_nbp) / 1000
ds_nbp = (s2_nbp - s1_nbp) / 1000

# Set the ASHRAE reference state
CP.set_reference_state('R134a', 'ASHRAE')

# Calculate enthalpy and entropy for both states with the ASHRAE reference
h1_ashrae = CP.PropsSI('H', 'T', T1, 'P', P1, 'R134a') 
s1_ashrae = CP.PropsSI('S', 'T', T1, 'P', P1, 'R134a') 
h2_ashrae = CP.PropsSI('H', 'T', T2, 'P', P2, 'R134a') 
s2_ashrae = CP.PropsSI('S', 'T', T2, 'P', P2, 'R134a') 

# Calculate differences with ASHRAE reference
dh_ashrae = (h2_ashrae - h1_ashrae) / 1000
ds_ashrae = (s2_ashrae - s1_ashrae) / 1000

print("Properties at T = 280 K and P = 1 bar")
# Print statements for each state
print("IIR Reference State:")
print(f"State 1 Enthalpy (kJ/kg): {h1_iir / 1000:.3f}")
print(f"State 1 Entropy (kJ/kgK): {s1_iir / 1000:.3f}")
print(f"State 2 Enthalpy (kJ/kg): {h2_iir / 1000:.3f}")
print(f"State 2 Entropy (kJ/kgK): {s2_iir / 1000:.3f}")
print(f"Enthalpy Difference (kJ/kg): {dh_iir:.3f}")
print(f"Entropy Difference (kJ/kgK): {ds_iir:.3f}\n")

print("NBP Reference State:")
print(f"State 1 Enthalpy (kJ/kg): {h1_nbp / 1000:.3f}")
print(f"State 1 Entropy (kJ/kgK): {s1_nbp / 1000:.3f}")
print(f"State 2 Enthalpy (kJ/kg): {h2_nbp / 1000:.3f}")
print(f"State 2 Entropy (kJ/kgK): {s2_nbp / 1000:.3f}")
print(f"Enthalpy Difference (kJ/kg): {dh_nbp:.3f}")
print(f"Entropy Difference (kJ/kgK): {ds_nbp:.3f}\n")

print("ASHRAE Reference State:")
print(f"State 1 Enthalpy (kJ/kg): {h1_ashrae / 1000:.3f}")
print(f"State 1 Entropy (kJ/kgK): {s1_ashrae / 1000:.3f}")
print(f"State 2 Enthalpy (kJ/kg): {h2_ashrae / 1000:.3f}")
print(f"State 2 Entropy (kJ/kgK): {s2_ashrae / 1000:.3f}")
print(f"Enthalpy Difference (kJ/kg): {dh_ashrae:.3f}")
print(f"Entropy Difference (kJ/kgK): {ds_ashrae:.3f}\n")
------------------


[1;31m---------------------------------------------------------------------------[0m
[1;31mModuleNotFoundError[0m                       Traceback (most recent call last)
Cell [1;32mIn[2], line 1[0m
[1;32m----> 1[0m [38;5;28;01mimport[39;00m [38;5;21;01mCoolProp[39;00m[38;5;21;01m.[39;00m[38;5;21;01mCoolProp[39;00m [38;5;28;01mas[39;00m [38;5;21;01mCP[39;00m
[0;32m      3[0m [38;5;66;03m# Define two states for R-134a[39;00m
[0;32m      4[0m T1 [38;5;241m=[39m [38;5;241m280[39m  [38;5;66;03m# Temperature in K for state 1[39;00m

[1;31mModuleNotFoundError[0m: No module named 'CoolProp'

