Traceback (most recent call last):
  File "/home/hari/miniconda3/envs/OER/lib/python3.9/site-packages/jupyter_cache/executors/utils.py", line 58, in single_nb_execution
    executenb(
  File "/home/hari/miniconda3/envs/OER/lib/python3.9/site-packages/nbclient/client.py", line 1314, in execute
    return NotebookClient(nb=nb, resources=resources, km=km, **kwargs).execute()
  File "/home/hari/miniconda3/envs/OER/lib/python3.9/site-packages/jupyter_core/utils/__init__.py", line 173, in wrapped
    return loop.run_until_complete(inner)
  File "/home/hari/miniconda3/envs/OER/lib/python3.9/asyncio/base_events.py", line 647, in run_until_complete
    return future.result()
  File "/home/hari/miniconda3/envs/OER/lib/python3.9/site-packages/nbclient/client.py", line 709, in async_execute
    await self.async_execute_cell(
  File "/home/hari/miniconda3/envs/OER/lib/python3.9/site-packages/nbclient/client.py", line 1062, in async_execute_cell
    await self._check_raise_for_error(cell, cell_index, exec_reply)
  File "/home/hari/miniconda3/envs/OER/lib/python3.9/site-packages/nbclient/client.py", line 918, in _check_raise_for_error
    raise CellExecutionError.from_cell_and_msg(cell, exec_reply_content)
nbclient.exceptions.CellExecutionError: An error occurred while executing the following cell:
------------------
#import librarier
import CoolProp.CoolProp as CP

#define variables
V = 1   #tank volume in m3
m_mix = 10   #mixture mass in kg
T = 25 + 273.15   #temperature in K

D = m / V   #density in kg/m3 used in CoolProp
fluid = "water"  # define the fluid or material of interest

x = CP.PropsSI("Q", "T", T, "D", D , fluid)   #the quality of the mixture

m_l = (1 - x) * m_mix   #mass of liquid water in kg
print('The mass of liquid fluid is', f"{m_l:.3f}", 'kg')
------------------


[0;31m---------------------------------------------------------------------------[0m
[0;31mNameError[0m                                 Traceback (most recent call last)
Cell [0;32mIn[1], line 9[0m
[1;32m      6[0m m_mix [38;5;241m=[39m [38;5;241m10[39m   [38;5;66;03m#mixture mass in kg[39;00m
[1;32m      7[0m T [38;5;241m=[39m [38;5;241m25[39m [38;5;241m+[39m [38;5;241m273.15[39m   [38;5;66;03m#temperature in K[39;00m
[0;32m----> 9[0m D [38;5;241m=[39m [43mm[49m [38;5;241m/[39m V   [38;5;66;03m#density in kg/m3 used in CoolProp[39;00m
[1;32m     10[0m fluid [38;5;241m=[39m [38;5;124m"[39m[38;5;124mwater[39m[38;5;124m"[39m  [38;5;66;03m# define the fluid or material of interest[39;00m
[1;32m     12[0m x [38;5;241m=[39m CP[38;5;241m.[39mPropsSI([38;5;124m"[39m[38;5;124mQ[39m[38;5;124m"[39m, [38;5;124m"[39m[38;5;124mT[39m[38;5;124m"[39m, T, [38;5;124m"[39m[38;5;124mD[39m[38;5;124m"[39m, D , fluid)   [38;5;66;03m#the quality of the mixture[39;00m

[0;31mNameError[0m: name 'm' is not defined

