Traceback (most recent call last):
  File "C:\Users\ckeulen\anaconda3\Lib\site-packages\jupyter_cache\executors\utils.py", line 58, in single_nb_execution
    executenb(
  File "C:\Users\ckeulen\anaconda3\Lib\site-packages\nbclient\client.py", line 1305, in execute
    return NotebookClient(nb=nb, resources=resources, km=km, **kwargs).execute()
           ^^^^^^^^^^^^^^^^^^^^^^^^^^^^^^^^^^^^^^^^^^^^^^^^^^^^^^^^^^^^^^^^^^^^^
  File "C:\Users\ckeulen\anaconda3\Lib\site-packages\jupyter_core\utils\__init__.py", line 173, in wrapped
    return loop.run_until_complete(inner)
           ^^^^^^^^^^^^^^^^^^^^^^^^^^^^^^
  File "C:\Users\ckeulen\anaconda3\Lib\asyncio\base_events.py", line 653, in run_until_complete
    return future.result()
           ^^^^^^^^^^^^^^^
  File "C:\Users\ckeulen\anaconda3\Lib\site-packages\nbclient\client.py", line 705, in async_execute
    await self.async_execute_cell(
  File "C:\Users\ckeulen\anaconda3\Lib\site-packages\nbclient\client.py", line 1058, in async_execute_cell
    await self._check_raise_for_error(cell, cell_index, exec_reply)
  File "C:\Users\ckeulen\anaconda3\Lib\site-packages\nbclient\client.py", line 914, in _check_raise_for_error
    raise CellExecutionError.from_cell_and_msg(cell, exec_reply_content)
nbclient.exceptions.CellExecutionError: An error occurred while executing the following cell:
------------------
#import librarier
import CoolProp.CoolProp as CP

#define variables
V = 1   #tank volume in m3
m = 1   #materials mass in kg
T = 25 + 273.15   #temperature in K

v = V / m   #specific volume in m3/kg
D = m / V   #density in kg/m3 used in CoolProp

fluid = "water"  # define the fluid or material of interest

v_f = 1 / CP.PropsSI("D", "T", T, "Q", 0 , fluid)   #sat fluid specific volume in m3/kg 
v_g = 1 / CP.PropsSI("D", "T", T, "Q", 1 , fluid)   #sat fluid specific volume in m3/kg 

if v > v_g:
    print(fluid, 'is in a superheated state')
elif v < v_f:
    print(fluid, 'is in a subcooled state')
else:
    print(fluid, 'is in a saturated state')

P = CP.PropsSI("P", "T", T, "D", D , fluid)   #pressure in Pa

print('The pressure of', fluid, 'is', f"{P/1000:.2f}", 'kPa')

u = CP.PropsSI("U", "T", T, "D", D , fluid)   #specific internal energy in J/kg
U = m * u   #internal energy in J

print('The internal energy of', fluid, 'is', f"{U/1000:.2f}", 'kJ')
------------------


[1;31m---------------------------------------------------------------------------[0m
[1;31mModuleNotFoundError[0m                       Traceback (most recent call last)
Cell [1;32mIn[1], line 2[0m
[0;32m      1[0m [38;5;66;03m#import librarier[39;00m
[1;32m----> 2[0m [38;5;28;01mimport[39;00m [38;5;21;01mCoolProp[39;00m[38;5;21;01m.[39;00m[38;5;21;01mCoolProp[39;00m [38;5;28;01mas[39;00m [38;5;21;01mCP[39;00m
[0;32m      4[0m [38;5;66;03m#define variables[39;00m
[0;32m      5[0m V [38;5;241m=[39m [38;5;241m1[39m   [38;5;66;03m#tank volume in m3[39;00m

[1;31mModuleNotFoundError[0m: No module named 'CoolProp'

