Traceback (most recent call last):
  File "C:\Users\ckeulen\anaconda3\Lib\site-packages\jupyter_cache\executors\utils.py", line 58, in single_nb_execution
    executenb(
  File "C:\Users\ckeulen\anaconda3\Lib\site-packages\nbclient\client.py", line 1305, in execute
    return NotebookClient(nb=nb, resources=resources, km=km, **kwargs).execute()
           ^^^^^^^^^^^^^^^^^^^^^^^^^^^^^^^^^^^^^^^^^^^^^^^^^^^^^^^^^^^^^^^^^^^^^
  File "C:\Users\ckeulen\anaconda3\Lib\site-packages\jupyter_core\utils\__init__.py", line 173, in wrapped
    return loop.run_until_complete(inner)
           ^^^^^^^^^^^^^^^^^^^^^^^^^^^^^^
  File "C:\Users\ckeulen\anaconda3\Lib\asyncio\base_events.py", line 653, in run_until_complete
    return future.result()
           ^^^^^^^^^^^^^^^
  File "C:\Users\ckeulen\anaconda3\Lib\site-packages\nbclient\client.py", line 705, in async_execute
    await self.async_execute_cell(
  File "C:\Users\ckeulen\anaconda3\Lib\site-packages\nbclient\client.py", line 1058, in async_execute_cell
    await self._check_raise_for_error(cell, cell_index, exec_reply)
  File "C:\Users\ckeulen\anaconda3\Lib\site-packages\nbclient\client.py", line 914, in _check_raise_for_error
    raise CellExecutionError.from_cell_and_msg(cell, exec_reply_content)
nbclient.exceptions.CellExecutionError: An error occurred while executing the following cell:
------------------
#importing the required library
import CoolProp.CoolProp as CP
fluid = 'water'
P_1 = 101E+3   #P1 in Pa
T_1 = 25 + 273.15   #T1 in K
s_1 = CP.PropsSI("S", "P", P_1, "T", T_1 , fluid)   #entropy in state#1 in J/kg.K
h_1 = CP.PropsSI("H", "P", P_1, "T", T_1 , fluid)   #enthalpy in state#1 in J/kg

s_2 = s_1   #iseontropic pump
P_2 = 1E+6   #pressure in state #2 in Pa
h_2 = CP.PropsSI("H", "P", P_2, "S", s_2 , fluid)   #enthalpy in state#2 in J/kg

P_3 = P_2   #constant pressure boiler
T_3 = 600 + 273.15   #temperature at state #3 in K
s_3 = CP.PropsSI("S", "P", P_3, "T", T_3 , fluid)   #entropy in state#3 in J/kg.K
h_3 = CP.PropsSI("H", "P", P_3, "T", T_3 , fluid)   #enthalpy in state#3 in J/kg

s_4 = s_3   #iseontropic turbine
P_4 = P_1   #constant pressure condenser
h_4 = CP.PropsSI("H", "P", P_4, "S", s_4 , fluid)   #enthalpy in state#4 in J/kg

w_turbine = h_3 - h_4   #work output from turbine in J/kg
w_pump = h_2 - h_1   #work output in pump in J/kg
w = w_turbine - w_pump   #net work output in J/kg

q_H = h_3 - h_2   #heat input in boiler in J/kg

etha = w / q_H   #overall efficiency of the cycle

print('Theefficiency of the cycle is:', f"{etha*100:.1f}", '%')
------------------


[1;31m---------------------------------------------------------------------------[0m
[1;31mModuleNotFoundError[0m                       Traceback (most recent call last)
Cell [1;32mIn[1], line 2[0m
[0;32m      1[0m [38;5;66;03m#importing the required library[39;00m
[1;32m----> 2[0m [38;5;28;01mimport[39;00m [38;5;21;01mCoolProp[39;00m[38;5;21;01m.[39;00m[38;5;21;01mCoolProp[39;00m [38;5;28;01mas[39;00m [38;5;21;01mCP[39;00m
[0;32m      3[0m fluid [38;5;241m=[39m [38;5;124m'[39m[38;5;124mwater[39m[38;5;124m'[39m
[0;32m      4[0m P_1 [38;5;241m=[39m [38;5;241m101E+3[39m   [38;5;66;03m#P1 in Pa[39;00m

[1;31mModuleNotFoundError[0m: No module named 'CoolProp'

