Traceback (most recent call last):
  File "C:\Users\ckeulen\anaconda3\Lib\site-packages\jupyter_cache\executors\utils.py", line 58, in single_nb_execution
    executenb(
  File "C:\Users\ckeulen\anaconda3\Lib\site-packages\nbclient\client.py", line 1305, in execute
    return NotebookClient(nb=nb, resources=resources, km=km, **kwargs).execute()
           ^^^^^^^^^^^^^^^^^^^^^^^^^^^^^^^^^^^^^^^^^^^^^^^^^^^^^^^^^^^^^^^^^^^^^
  File "C:\Users\ckeulen\anaconda3\Lib\site-packages\jupyter_core\utils\__init__.py", line 173, in wrapped
    return loop.run_until_complete(inner)
           ^^^^^^^^^^^^^^^^^^^^^^^^^^^^^^
  File "C:\Users\ckeulen\anaconda3\Lib\asyncio\base_events.py", line 653, in run_until_complete
    return future.result()
           ^^^^^^^^^^^^^^^
  File "C:\Users\ckeulen\anaconda3\Lib\site-packages\nbclient\client.py", line 705, in async_execute
    await self.async_execute_cell(
  File "C:\Users\ckeulen\anaconda3\Lib\site-packages\nbclient\client.py", line 1058, in async_execute_cell
    await self._check_raise_for_error(cell, cell_index, exec_reply)
  File "C:\Users\ckeulen\anaconda3\Lib\site-packages\nbclient\client.py", line 914, in _check_raise_for_error
    raise CellExecutionError.from_cell_and_msg(cell, exec_reply_content)
nbclient.exceptions.CellExecutionError: An error occurred while executing the following cell:
------------------
# Plot a P-h diagram for a fluid of choice


# import the libraries we'll need
import CoolProp.CoolProp as CP
import numpy as np
import matplotlib.pyplot as plt


# define variables
fluid = "R134A"  # define the fluid or material of interest, for full list see CP.Fluidslist()
T_min = CP.PropsSI("Tmin", fluid)  # triple-point temp for the fluid
P_min = CP.PropsSI("P", "T", T_min, "Q", 0, fluid)  # triple-point pressure for the fluid
P_max = 4.03E+6 #approximate critical pressure

P_vals = np.linspace(P_min, P_max, 1000)  # define an array of values from P_min to P_max
Q = 1  # define the fluid quality as 1, which is 100% vapor

enthalpy = [CP.PropsSI("H", "P", P, "Q", Q, fluid)/1000 for P in P_vals]  # call for enthalpy values using CoolProp

plt.plot(enthalpy, P_vals, "-b", label="Saturation Line")  # plot pressure vs enthalpy

Q = 0  # define the fluid quality as 0, which is 100% liquid

enthalpy = [CP.PropsSI("H", "P", P, "Q", Q, fluid)/1000 for P in P_vals] # call for enthalpy values using CoolProp

plt.plot(enthalpy, P_vals, "-b")  # plot pressure vs enthalpy


plt.yscale("log")  # use log scale on y axis
plt.ylabel("Pressure [Pa]")  # give y axis a label
plt.xlabel("Enthalpy [kJ/kg]")  # give x axis a label
plt.grid()
plt.legend()

# Building constant temperature curves

T_up = 120 + 273.15
T_mid = 40 + 273.15
T_down = -20 + 273.15

P_max = 20E+6  # max pressure in the plot set to 20MPa
P_vals = np.linspace(P_min, P_max, 10000)  # define an array of values from P_min to P_max
enthalpy_up = [CP.PropsSI("H", "P", P, "T", T_up, fluid)/1000 for P in P_vals] # call for enthalpy values using CoolProp
enthalpy_mid = [CP.PropsSI("H", "P", P, "T", T_mid, fluid)/1000 for P in P_vals] # call for enthalpy values using CoolProp
enthalpy_down = [CP.PropsSI("H", "P", P, "T", T_down, fluid)/1000 for P in P_vals] # call for enthalpy values using CoolProp

plt.plot(enthalpy_up, P_vals, "-.y", label="{} °C".format(T_up-273.15))  # plot pressure vs enthalpy
plt.plot(enthalpy_mid, P_vals, ":r", label="{} °C".format(T_mid-273.15))  # plot pressure vs enthalpy
plt.plot(enthalpy_down, P_vals, "--m", label="{} °C".format(T_down-273.15))  # plot pressure vs enthalpy
plt.legend()
------------------


[1;31m---------------------------------------------------------------------------[0m
[1;31mModuleNotFoundError[0m                       Traceback (most recent call last)
Cell [1;32mIn[1], line 5[0m
[0;32m      1[0m [38;5;66;03m# Plot a P-h diagram for a fluid of choice[39;00m
[0;32m      2[0m 
[0;32m      3[0m 
[0;32m      4[0m [38;5;66;03m# import the libraries we'll need[39;00m
[1;32m----> 5[0m [38;5;28;01mimport[39;00m [38;5;21;01mCoolProp[39;00m[38;5;21;01m.[39;00m[38;5;21;01mCoolProp[39;00m [38;5;28;01mas[39;00m [38;5;21;01mCP[39;00m
[0;32m      6[0m [38;5;28;01mimport[39;00m [38;5;21;01mnumpy[39;00m [38;5;28;01mas[39;00m [38;5;21;01mnp[39;00m
[0;32m      7[0m [38;5;28;01mimport[39;00m [38;5;21;01mmatplotlib[39;00m[38;5;21;01m.[39;00m[38;5;21;01mpyplot[39;00m [38;5;28;01mas[39;00m [38;5;21;01mplt[39;00m

[1;31mModuleNotFoundError[0m: No module named 'CoolProp'

