Traceback (most recent call last):
  File "C:\Users\ckeulen\anaconda3\Lib\site-packages\jupyter_cache\executors\utils.py", line 58, in single_nb_execution
    executenb(
  File "C:\Users\ckeulen\anaconda3\Lib\site-packages\nbclient\client.py", line 1305, in execute
    return NotebookClient(nb=nb, resources=resources, km=km, **kwargs).execute()
           ^^^^^^^^^^^^^^^^^^^^^^^^^^^^^^^^^^^^^^^^^^^^^^^^^^^^^^^^^^^^^^^^^^^^^
  File "C:\Users\ckeulen\anaconda3\Lib\site-packages\jupyter_core\utils\__init__.py", line 173, in wrapped
    return loop.run_until_complete(inner)
           ^^^^^^^^^^^^^^^^^^^^^^^^^^^^^^
  File "C:\Users\ckeulen\anaconda3\Lib\asyncio\base_events.py", line 653, in run_until_complete
    return future.result()
           ^^^^^^^^^^^^^^^
  File "C:\Users\ckeulen\anaconda3\Lib\site-packages\nbclient\client.py", line 705, in async_execute
    await self.async_execute_cell(
  File "C:\Users\ckeulen\anaconda3\Lib\site-packages\nbclient\client.py", line 1058, in async_execute_cell
    await self._check_raise_for_error(cell, cell_index, exec_reply)
  File "C:\Users\ckeulen\anaconda3\Lib\site-packages\nbclient\client.py", line 914, in _check_raise_for_error
    raise CellExecutionError.from_cell_and_msg(cell, exec_reply_content)
nbclient.exceptions.CellExecutionError: An error occurred while executing the following cell:
------------------
import numpy as np
import matplotlib.pyplot as plt
import CoolProp.CoolProp as CP

# Given data
T1 = 350 + 273.15  # Initial temperature in K
P1 = 1000e3  # Initial pressure in Pa
P2 = 1000e3  # Pressure after isobaric cooling in Pa
P3 = 25e3  # Final pressure after isochoric process in Pa

# State 1 properties
v1 = 1 / CP.PropsSI("D", "T", T1, "P", P1, "Water")
u1 = CP.PropsSI("U", "T", T1, "P", P1, "Water")

# State 2 properties
T2 = CP.PropsSI("T", "P", P2, "Q", 0, "Water")  # Saturated liquid
v2 = 1 / CP.PropsSI("D", "P", P2, "Q", 0.5, "Water")
u2 = CP.PropsSI("U", "P", P2, "Q", 0, "Water")

# State 3 properties (isochoric)
v3 = v2
T3 = CP.PropsSI("T", "D", 1 / v3, "P", P3, "Water")
u3 = CP.PropsSI("U", "D", 1 / v3, "P", P3, "Water")

# Calculate work and heat transfer
w_12 = P1 * (v2 - v1)  # Isobaric process
w_23 = 0  # Isochoric process
q_12 = (u2 - u1) + w_12
q_23 = u3 - u2  # Isochoric process so no work
q_total = (q_12 + q_23)/1e3

print(f"Specific heat transfer for the whole process: {q_total:.2f} kJ/kg")
------------------


[1;31m---------------------------------------------------------------------------[0m
[1;31mModuleNotFoundError[0m                       Traceback (most recent call last)
Cell [1;32mIn[1], line 3[0m
[0;32m      1[0m [38;5;28;01mimport[39;00m [38;5;21;01mnumpy[39;00m [38;5;28;01mas[39;00m [38;5;21;01mnp[39;00m
[0;32m      2[0m [38;5;28;01mimport[39;00m [38;5;21;01mmatplotlib[39;00m[38;5;21;01m.[39;00m[38;5;21;01mpyplot[39;00m [38;5;28;01mas[39;00m [38;5;21;01mplt[39;00m
[1;32m----> 3[0m [38;5;28;01mimport[39;00m [38;5;21;01mCoolProp[39;00m[38;5;21;01m.[39;00m[38;5;21;01mCoolProp[39;00m [38;5;28;01mas[39;00m [38;5;21;01mCP[39;00m
[0;32m      5[0m [38;5;66;03m# Given data[39;00m
[0;32m      6[0m T1 [38;5;241m=[39m [38;5;241m350[39m [38;5;241m+[39m [38;5;241m273.15[39m  [38;5;66;03m# Initial temperature in K[39;00m

[1;31mModuleNotFoundError[0m: No module named 'CoolProp'

