Traceback (most recent call last):
  File "C:\Users\ckeulen\anaconda3\Lib\site-packages\jupyter_cache\executors\utils.py", line 58, in single_nb_execution
    executenb(
  File "C:\Users\ckeulen\anaconda3\Lib\site-packages\nbclient\client.py", line 1305, in execute
    return NotebookClient(nb=nb, resources=resources, km=km, **kwargs).execute()
           ^^^^^^^^^^^^^^^^^^^^^^^^^^^^^^^^^^^^^^^^^^^^^^^^^^^^^^^^^^^^^^^^^^^^^
  File "C:\Users\ckeulen\anaconda3\Lib\site-packages\jupyter_core\utils\__init__.py", line 173, in wrapped
    return loop.run_until_complete(inner)
           ^^^^^^^^^^^^^^^^^^^^^^^^^^^^^^
  File "C:\Users\ckeulen\anaconda3\Lib\asyncio\base_events.py", line 653, in run_until_complete
    return future.result()
           ^^^^^^^^^^^^^^^
  File "C:\Users\ckeulen\anaconda3\Lib\site-packages\nbclient\client.py", line 705, in async_execute
    await self.async_execute_cell(
  File "C:\Users\ckeulen\anaconda3\Lib\site-packages\nbclient\client.py", line 1058, in async_execute_cell
    await self._check_raise_for_error(cell, cell_index, exec_reply)
  File "C:\Users\ckeulen\anaconda3\Lib\site-packages\nbclient\client.py", line 914, in _check_raise_for_error
    raise CellExecutionError.from_cell_and_msg(cell, exec_reply_content)
nbclient.exceptions.CellExecutionError: An error occurred while executing the following cell:
------------------
import CoolProp.CoolProp as CP
import math

# Given values
m = 2.0  # Mass of air in kg
T1 = 25 + 273.15  # Initial temperature in Kelvin
P1 = 101325  # Initial pressure in Pa (1 atm)
V1 = 1.0  # Initial volume (arbitrary value)
V2 = V1 / 8  # Final volume (one-eighth of initial)
gamma = CP.PropsSI('Cpmass', 'T', T1, 'P', P1, 'Air') / CP.PropsSI('Cvmass', 'T', T1, 'P', P1, 'Air')  # γ for air

# 1. Final Temperature and Pressure (T2, P2)
# For adiabatic process, T1 * V1^(gamma - 1) = T2 * V2^(gamma - 1)
T2 = T1 * (V1 / V2) ** (gamma - 1)
# P2 using the adiabatic relation P2 * V2^gamma = P1 * V1^gamma
P2 = P1 * (V1 / V2) ** gamma

# 2. Work done (W)
# For adiabatic process, W = (P1 * V1 - P2 * V2) / (gamma - 1)
W = (P1 * V1 - P2 * V2) / (gamma - 1)

# 3. Change in internal energy (Δu)
# Δu = Q - W, but for adiabatic process, Q = 0
delta_u = -W

# Output the results
print(f"Final Temperature (T2): {round(T2,1)} K")
print(f"Final Pressure (P2): {round(P2/1e3,1)} kPa")
print(f"Work done (W): {round(W/1e3,1)} kJ")
print(f"Change in internal energy (Δu): {round(delta_u/1e3,1)} kJ")
------------------


[1;31m---------------------------------------------------------------------------[0m
[1;31mModuleNotFoundError[0m                       Traceback (most recent call last)
Cell [1;32mIn[1], line 1[0m
[1;32m----> 1[0m [38;5;28;01mimport[39;00m [38;5;21;01mCoolProp[39;00m[38;5;21;01m.[39;00m[38;5;21;01mCoolProp[39;00m [38;5;28;01mas[39;00m [38;5;21;01mCP[39;00m
[0;32m      2[0m [38;5;28;01mimport[39;00m [38;5;21;01mmath[39;00m
[0;32m      4[0m [38;5;66;03m# Given values[39;00m

[1;31mModuleNotFoundError[0m: No module named 'CoolProp'

