Traceback (most recent call last):
  File "C:\Users\ckeulen\anaconda3\Lib\site-packages\jupyter_cache\executors\utils.py", line 58, in single_nb_execution
    executenb(
  File "C:\Users\ckeulen\anaconda3\Lib\site-packages\nbclient\client.py", line 1305, in execute
    return NotebookClient(nb=nb, resources=resources, km=km, **kwargs).execute()
           ^^^^^^^^^^^^^^^^^^^^^^^^^^^^^^^^^^^^^^^^^^^^^^^^^^^^^^^^^^^^^^^^^^^^^
  File "C:\Users\ckeulen\anaconda3\Lib\site-packages\jupyter_core\utils\__init__.py", line 173, in wrapped
    return loop.run_until_complete(inner)
           ^^^^^^^^^^^^^^^^^^^^^^^^^^^^^^
  File "C:\Users\ckeulen\anaconda3\Lib\asyncio\base_events.py", line 653, in run_until_complete
    return future.result()
           ^^^^^^^^^^^^^^^
  File "C:\Users\ckeulen\anaconda3\Lib\site-packages\nbclient\client.py", line 705, in async_execute
    await self.async_execute_cell(
  File "C:\Users\ckeulen\anaconda3\Lib\site-packages\nbclient\client.py", line 1058, in async_execute_cell
    await self._check_raise_for_error(cell, cell_index, exec_reply)
  File "C:\Users\ckeulen\anaconda3\Lib\site-packages\nbclient\client.py", line 914, in _check_raise_for_error
    raise CellExecutionError.from_cell_and_msg(cell, exec_reply_content)
nbclient.exceptions.CellExecutionError: An error occurred while executing the following cell:
------------------
import CoolProp.CoolProp as CP

# Given values
m = 0.5  # Mass of carbon dioxide in kg
T1 = 20 + 273.15  # Initial temperature in Kelvin
T2 = 80 + 273.15  # Final temperature in Kelvin
gas = 'CarbonDioxide'

# 1. Change in internal energy (Δu)
Cv = CP.PropsSI('Cvmass', 'T', T1, 'P', 100000, gas)  # Cv for carbon dioxide
delta_u = Cv * (T2 - T1) * m

# Convert delta_u to kJ and round to one decimal point
delta_u_kJ = round(delta_u / 1000, 1)

# 2. Total heat transfer (Q)
# For a rigid container, Q = Δu (First Law of Thermodynamics)
Q = delta_u

# Convert Q to kJ and round to one decimal point
Q_kJ = round(Q / 1000, 1)

# Output the results
print(f"Change in internal energy (Δu): {delta_u_kJ} kJ")
print(f"Total heat transfer (Q): {Q_kJ} kJ")
------------------


[1;31m---------------------------------------------------------------------------[0m
[1;31mModuleNotFoundError[0m                       Traceback (most recent call last)
Cell [1;32mIn[1], line 1[0m
[1;32m----> 1[0m [38;5;28;01mimport[39;00m [38;5;21;01mCoolProp[39;00m[38;5;21;01m.[39;00m[38;5;21;01mCoolProp[39;00m [38;5;28;01mas[39;00m [38;5;21;01mCP[39;00m
[0;32m      3[0m [38;5;66;03m# Given values[39;00m
[0;32m      4[0m m [38;5;241m=[39m [38;5;241m0.5[39m  [38;5;66;03m# Mass of carbon dioxide in kg[39;00m

[1;31mModuleNotFoundError[0m: No module named 'CoolProp'

