Traceback (most recent call last):
  File "C:\Users\ckeulen\anaconda3\Lib\site-packages\jupyter_cache\executors\utils.py", line 58, in single_nb_execution
    executenb(
  File "C:\Users\ckeulen\anaconda3\Lib\site-packages\nbclient\client.py", line 1305, in execute
    return NotebookClient(nb=nb, resources=resources, km=km, **kwargs).execute()
           ^^^^^^^^^^^^^^^^^^^^^^^^^^^^^^^^^^^^^^^^^^^^^^^^^^^^^^^^^^^^^^^^^^^^^
  File "C:\Users\ckeulen\anaconda3\Lib\site-packages\jupyter_core\utils\__init__.py", line 173, in wrapped
    return loop.run_until_complete(inner)
           ^^^^^^^^^^^^^^^^^^^^^^^^^^^^^^
  File "C:\Users\ckeulen\anaconda3\Lib\asyncio\base_events.py", line 653, in run_until_complete
    return future.result()
           ^^^^^^^^^^^^^^^
  File "C:\Users\ckeulen\anaconda3\Lib\site-packages\nbclient\client.py", line 705, in async_execute
    await self.async_execute_cell(
  File "C:\Users\ckeulen\anaconda3\Lib\site-packages\nbclient\client.py", line 1058, in async_execute_cell
    await self._check_raise_for_error(cell, cell_index, exec_reply)
  File "C:\Users\ckeulen\anaconda3\Lib\site-packages\nbclient\client.py", line 914, in _check_raise_for_error
    raise CellExecutionError.from_cell_and_msg(cell, exec_reply_content)
nbclient.exceptions.CellExecutionError: An error occurred while executing the following cell:
------------------
import CoolProp.CoolProp as CP
import math

# Given values
m = 0.3  # Mass of helium in kg
T1 = 25 + 273.15  # Initial temperature in Kelvin
P1 = 150000  # Initial pressure in Pa

# Calculate the initial volume using the density
V1 = m / CP.PropsSI('D', 'T', T1, 'P', P1, 'Helium')  
V2 = V1 * 1.2  # Final volume (20% increase)
P2 = 2 * P1  # Final pressure (doubled)

# Polytropic exponent for helium
n = CP.PropsSI('Cpmass', 'T', T1, 'P', P1, 'Helium') / CP.PropsSI('Cvmass', 'T', T1, 'P', P1, 'Helium')

# Calculate final temperature T2 using the polytropic process relation
T2 = T1 * (P2 / P1) * (V1 / V2)**n

# Calculate work done by the helium (W)
if n != 1:
    W = (P2 * V2 - P1 * V1) / (1 - n)
else:
    W = P1 * V1 * math.log(V2 / V1)

# Convert W to kJ and round to 1 decimal place
W_kJ = round(W / 1000, 1)

# Calculate the total heat added (Q)
Cv = CP.PropsSI('Cvmass', 'T', T1, 'P', P1, 'Helium')
delta_U = Cv * (T2 - T1) * m

# Convert delta_U to kJ and round to 1 decimal place
delta_U_kJ = round(delta_U / 1000, 1)

# Q is the sum of delta_U and W, converted to kJ and rounded
Q_kJ = round((delta_U + W) / 1000, 1)

# Output the results
print(f"Final Temperature (T2): {round(T2, 1)} K")
print(f"Work done by the helium (W): {W_kJ} kJ")
print(f"Total heat added (Q): {Q_kJ} kJ")
print(f"Change in Internal Energy (ΔU): {delta_U_kJ} kJ")
------------------


[1;31m---------------------------------------------------------------------------[0m
[1;31mModuleNotFoundError[0m                       Traceback (most recent call last)
Cell [1;32mIn[1], line 1[0m
[1;32m----> 1[0m [38;5;28;01mimport[39;00m [38;5;21;01mCoolProp[39;00m[38;5;21;01m.[39;00m[38;5;21;01mCoolProp[39;00m [38;5;28;01mas[39;00m [38;5;21;01mCP[39;00m
[0;32m      2[0m [38;5;28;01mimport[39;00m [38;5;21;01mmath[39;00m
[0;32m      4[0m [38;5;66;03m# Given values[39;00m

[1;31mModuleNotFoundError[0m: No module named 'CoolProp'

