Traceback (most recent call last):
  File "C:\Users\ckeulen\anaconda3\Lib\site-packages\jupyter_cache\executors\utils.py", line 58, in single_nb_execution
    executenb(
  File "C:\Users\ckeulen\anaconda3\Lib\site-packages\nbclient\client.py", line 1305, in execute
    return NotebookClient(nb=nb, resources=resources, km=km, **kwargs).execute()
           ^^^^^^^^^^^^^^^^^^^^^^^^^^^^^^^^^^^^^^^^^^^^^^^^^^^^^^^^^^^^^^^^^^^^^
  File "C:\Users\ckeulen\anaconda3\Lib\site-packages\jupyter_core\utils\__init__.py", line 173, in wrapped
    return loop.run_until_complete(inner)
           ^^^^^^^^^^^^^^^^^^^^^^^^^^^^^^
  File "C:\Users\ckeulen\anaconda3\Lib\asyncio\base_events.py", line 653, in run_until_complete
    return future.result()
           ^^^^^^^^^^^^^^^
  File "C:\Users\ckeulen\anaconda3\Lib\site-packages\nbclient\client.py", line 705, in async_execute
    await self.async_execute_cell(
  File "C:\Users\ckeulen\anaconda3\Lib\site-packages\nbclient\client.py", line 1058, in async_execute_cell
    await self._check_raise_for_error(cell, cell_index, exec_reply)
  File "C:\Users\ckeulen\anaconda3\Lib\site-packages\nbclient\client.py", line 914, in _check_raise_for_error
    raise CellExecutionError.from_cell_and_msg(cell, exec_reply_content)
nbclient.exceptions.CellExecutionError: An error occurred while executing the following cell:
------------------
import CoolProp.CoolProp as CP
# Example usage from Superheated water:
# https://pressbooks.bccampus.ca/thermo1/back-matter/thermodynamic-properties-of-water/#TA2
T1, T2 = 273.15 + 100, 273.15 + 150  # Temperatures in K
P = 10e3  # in Pa
U1, U2 = 2515.49, 2587.91  # Properties in SI units
fluid = "water"
T = 273.15 + 133  # Temperature at which we want the interpolated property
Prop_interpolated = linear_interpolation(T, T1, T2, U1, U2)
print("Interpolated property at {} K: {} kJ/kg".format(T, round(Prop_interpolated, 2)))


cool_prop = CP.PropsSI("U", "P", P, "T", T, fluid) / 1e3  ## in kJ/kg
print("Property from CoolProp at {} K: {} kJ/kg".format(T, round(cool_prop, 2)))

absolute_difference = abs(cool_prop - Prop_interpolated)
percentage_difference = (absolute_difference / Prop_interpolated) * 100
print("Relative difference :{} %".format(round(percentage_difference, 4)))
------------------


[1;31m---------------------------------------------------------------------------[0m
[1;31mModuleNotFoundError[0m                       Traceback (most recent call last)
Cell [1;32mIn[3], line 1[0m
[1;32m----> 1[0m [38;5;28;01mimport[39;00m [38;5;21;01mCoolProp[39;00m[38;5;21;01m.[39;00m[38;5;21;01mCoolProp[39;00m [38;5;28;01mas[39;00m [38;5;21;01mCP[39;00m
[0;32m      2[0m [38;5;66;03m# Example usage from Superheated water:[39;00m
[0;32m      3[0m [38;5;66;03m# https://pressbooks.bccampus.ca/thermo1/back-matter/thermodynamic-properties-of-water/#TA2[39;00m
[0;32m      4[0m T1, T2 [38;5;241m=[39m [38;5;241m273.15[39m [38;5;241m+[39m [38;5;241m100[39m, [38;5;241m273.15[39m [38;5;241m+[39m [38;5;241m150[39m  [38;5;66;03m# Temperatures in K[39;00m

[1;31mModuleNotFoundError[0m: No module named 'CoolProp'

