Traceback (most recent call last):
  File "/home/ckeulen/miniconda3/envs/OERminimal/lib/python3.9/site-packages/jupyter_cache/executors/utils.py", line 58, in single_nb_execution
    executenb(
  File "/home/ckeulen/miniconda3/envs/OERminimal/lib/python3.9/site-packages/nbclient/client.py", line 1314, in execute
    return NotebookClient(nb=nb, resources=resources, km=km, **kwargs).execute()
  File "/home/ckeulen/miniconda3/envs/OERminimal/lib/python3.9/site-packages/jupyter_core/utils/__init__.py", line 173, in wrapped
    return loop.run_until_complete(inner)
  File "/home/ckeulen/miniconda3/envs/OERminimal/lib/python3.9/asyncio/base_events.py", line 647, in run_until_complete
    return future.result()
  File "/home/ckeulen/miniconda3/envs/OERminimal/lib/python3.9/site-packages/nbclient/client.py", line 709, in async_execute
    await self.async_execute_cell(
  File "/home/ckeulen/miniconda3/envs/OERminimal/lib/python3.9/site-packages/nbclient/client.py", line 1062, in async_execute_cell
    await self._check_raise_for_error(cell, cell_index, exec_reply)
  File "/home/ckeulen/miniconda3/envs/OERminimal/lib/python3.9/site-packages/nbclient/client.py", line 918, in _check_raise_for_error
    raise CellExecutionError.from_cell_and_msg(cell, exec_reply_content)
nbclient.exceptions.CellExecutionError: An error occurred while executing the following cell:
------------------
import CoolProp.CoolProp as CP
import pandas as pd
import numpy as np

fluids = ['Water', 'Ammonia', 'R134a']
for fluid in fluids:
    T_min = CP.PropsSI('Tmin', fluid) + 1  # Adding a small offset to Tmin
    T_max = CP.PropsSI('Tcrit', fluid)
    T_vals = np.linspace(T_min, T_max, 400)  # Number of points

    p_h_liquid = {'Pressure (Pa)': [], 'Enthalpy Liquid (J/kg)': []}
    p_h_vapor = {'Pressure (Pa)': [], 'Enthalpy Vapor (J/kg)': []}

    for T in T_vals:
        p = CP.PropsSI('P', 'T', T, 'Q', 0, fluid)
        h_liquid = CP.PropsSI('H', 'T', T, 'Q', 0, fluid)  # Saturated liquid
        h_vapor = CP.PropsSI('H', 'T', T, 'Q', 1, fluid)  # Saturated vapor
        p_h_liquid['Pressure (Pa)'].append(p)
        p_h_liquid['Enthalpy Liquid (J/kg)'].append(h_liquid)
        p_h_vapor['Pressure (Pa)'].append(p)
        p_h_vapor['Enthalpy Vapor (J/kg)'].append(h_vapor)

    # Save to CSV
    pd.DataFrame(p_h_liquid).to_csv(f'{fluid}_p_h_liquid.csv', index=False)
    pd.DataFrame(p_h_vapor).to_csv(f'{fluid}_p_h_vapor.csv', index=False)


import plotly.graph_objs as go

for fluid in fluids:
    df_liquid = pd.read_csv(f'{fluid}_p_h_liquid.csv')
    df_vapor = pd.read_csv(f'{fluid}_p_h_vapor.csv')

    # Creating Plotly plot
    fig = go.Figure()
    fig.add_trace(go.Scatter(x=df_liquid['Enthalpy Liquid (J/kg)'], y=df_liquid['Pressure (Pa)'],
                             mode='lines', name='Saturated Liquid'))
    fig.add_trace(go.Scatter(x=df_vapor['Enthalpy Vapor (J/kg)'], y=df_vapor['Pressure (Pa)'],
                             mode='lines', name='Saturated Vapor'))

    fig.update_layout(title=f'{fluid} p-h Diagram', 
                      xaxis_title='Enthalpy (J/kg)', yaxis_title='Pressure (Pa)')

    # Save as HTML
    fig.write_html(f'{fluid}_p_h_plot.html')


------------------


[0;31m---------------------------------------------------------------------------[0m
[0;31mModuleNotFoundError[0m                       Traceback (most recent call last)
Cell [0;32mIn[1], line 2[0m
[1;32m      1[0m [38;5;28;01mimport[39;00m [38;5;21;01mCoolProp[39;00m[38;5;21;01m.[39;00m[38;5;21;01mCoolProp[39;00m [38;5;28;01mas[39;00m [38;5;21;01mCP[39;00m
[0;32m----> 2[0m [38;5;28;01mimport[39;00m [38;5;21;01mpandas[39;00m [38;5;28;01mas[39;00m [38;5;21;01mpd[39;00m
[1;32m      3[0m [38;5;28;01mimport[39;00m [38;5;21;01mnumpy[39;00m [38;5;28;01mas[39;00m [38;5;21;01mnp[39;00m
[1;32m      5[0m fluids [38;5;241m=[39m [[38;5;124m'[39m[38;5;124mWater[39m[38;5;124m'[39m, [38;5;124m'[39m[38;5;124mAmmonia[39m[38;5;124m'[39m, [38;5;124m'[39m[38;5;124mR134a[39m[38;5;124m'[39m]

[0;31mModuleNotFoundError[0m: No module named 'pandas'

